<coverage line-rate="0.86">
  <packages>
    <package line-rate="0.69" name="jenkem">
      <classes>
        <class line-rate="0.69" name="JenkemInit" filename="src/main/scala/jenkem/JenkemInit.scala">
          <methods/>
          <lines>
            <line number="32" hits="1"/>
            <line number="34" hits="1"/>
            <line number="35" hits="1"/>
            <line number="36" hits="1"/>
            <line number="38" hits="1"/>
            <line number="40" hits="1"/>
            <line number="47" hits="1"/>
            <line number="48" hits="1"/>
            <line number="49" hits="1"/>
            <line number="50" hits="1"/>
            <line number="52" hits="1"/>
            <line number="53" hits="1"/>
            <line number="54" hits="1"/>
            <line number="56" hits="1"/>
            <line number="57" hits="1"/>
            <line number="59" hits="1"/>
            <line number="61" hits="0"/>
            <line number="62" hits="0"/>
            <line number="63" hits="0"/>
            <line number="64" hits="0"/>
            <line number="66" hits="0"/>
            <line number="67" hits="0"/>
            <line number="68" hits="0"/>
          </lines>
        </class>
      </classes>
    </package>
    <package line-rate="0.78" name="jenkem.bot">
      <classes>
        <class line-rate="0.64" name="ConversionSettings" filename="src/main/scala/jenkem/bot/ConversionSettings.scala">
          <methods/>
          <lines>
            <line number="29" hits="1"/>
            <line number="30" hits="0"/>
            <line number="31" hits="2"/>
            <line number="32" hits="0"/>
            <line number="33" hits="1"/>
            <line number="34" hits="0"/>
            <line number="35" hits="0"/>
            <line number="36" hits="0"/>
            <line number="37" hits="0"/>
            <line number="39" hits="1"/>
            <line number="42" hits="1"/>
            <line number="43" hits="1"/>
            <line number="44" hits="1"/>
            <line number="45" hits="1"/>
            <line number="46" hits="1"/>
            <line number="47" hits="1"/>
            <line number="48" hits="1"/>
            <line number="49" hits="1"/>
            <line number="53" hits="3"/>
            <line number="54" hits="1"/>
            <line number="56" hits="1"/>
            <line number="59" hits="1"/>
            <line number="63" hits="1"/>
            <line number="64" hits="1"/>
            <line number="65" hits="1"/>
            <line number="67" hits="1"/>
            <line number="69" hits="1"/>
            <line number="70" hits="2"/>
            <line number="71" hits="0"/>
            <line number="72" hits="0"/>
            <line number="76" hits="1"/>
          </lines>
        </class>
        <class line-rate="0.28" name="IrcService" filename="src/main/scala/jenkem/bot/IrcService.scala">
          <methods/>
          <lines>
            <line number="23" hits="1"/>
            <line number="25" hits="0"/>
            <line number="27" hits="0"/>
            <line number="29" hits="0"/>
            <line number="32" hits="1"/>
            <line number="33" hits="0"/>
            <line number="34" hits="0"/>
          </lines>
        </class>
        <class line-rate="1" name="IrcSettings" filename="src/main/scala/jenkem/bot/IrcSettings.scala">
          <methods/>
          <lines>
            <line number="22" hits="1"/>
            <line number="23" hits="1"/>
            <line number="24" hits="1"/>
            <line number="25" hits="1"/>
            <line number="26" hits="1"/>
            <line number="27" hits="1"/>
            <line number="29" hits="1"/>
            <line number="30" hits="1"/>
            <line number="31" hits="1"/>
            <line number="32" hits="1"/>
            <line number="33" hits="1"/>
            <line number="34" hits="1"/>
            <line number="35" hits="1"/>
          </lines>
        </class>
        <class line-rate="1" name="IrcSettings.IrcNetwork" filename="src/main/scala/jenkem/bot/IrcSettings.scala">
          <methods/>
          <lines>
            <line number="21" hits="1"/>
          </lines>
        </class>
        <class line-rate="1" name="IrcSettings.Loc" filename="src/main/scala/jenkem/bot/IrcSettings.scala">
          <methods/>
          <lines>
            <line number="19" hits="2"/>
          </lines>
        </class>
        <class line-rate="0.89" name="JenkemBot" filename="src/main/scala/jenkem/bot/JenkemBot.scala">
          <methods/>
          <lines>
            <line number="37" hits="1"/>
            <line number="39" hits="1"/>
            <line number="40" hits="1"/>
            <line number="41" hits="1"/>
            <line number="42" hits="1"/>
            <line number="43" hits="1"/>
            <line number="45" hits="1"/>
            <line number="62" hits="1"/>
            <line number="63" hits="1"/>
            <line number="66" hits="1"/>
            <line number="70" hits="1"/>
            <line number="73" hits="2"/>
            <line number="76" hits="3"/>
            <line number="77" hits="3"/>
            <line number="78" hits="1"/>
            <line number="80" hits="1"/>
            <line number="87" hits="1"/>
            <line number="88" hits="1"/>
            <line number="89" hits="1"/>
            <line number="90" hits="1"/>
            <line number="91" hits="1"/>
            <line number="92" hits="1"/>
            <line number="93" hits="1"/>
            <line number="98" hits="1"/>
            <line number="100" hits="1"/>
            <line number="101" hits="1"/>
            <line number="102" hits="1"/>
            <line number="104" hits="1"/>
            <line number="110" hits="1"/>
            <line number="111" hits="1"/>
            <line number="112" hits="1"/>
            <line number="113" hits="1"/>
            <line number="114" hits="1"/>
            <line number="115" hits="1"/>
            <line number="116" hits="1"/>
            <line number="117" hits="1"/>
            <line number="118" hits="1"/>
            <line number="121" hits="1"/>
            <line number="126" hits="1"/>
            <line number="128" hits="1"/>
            <line number="129" hits="1"/>
            <line number="130" hits="1"/>
            <line number="133" hits="1"/>
            <line number="138" hits="1"/>
            <line number="142" hits="1"/>
            <line number="150" hits="1"/>
            <line number="151" hits="1"/>
            <line number="152" hits="1"/>
            <line number="153" hits="1"/>
            <line number="154" hits="1"/>
            <line number="155" hits="1"/>
            <line number="163" hits="1"/>
            <line number="172" hits="1"/>
            <line number="175" hits="1"/>
            <line number="176" hits="1"/>
            <line number="177" hits="1"/>
            <line number="178" hits="1"/>
            <line number="179" hits="1"/>
            <line number="180" hits="1"/>
            <line number="181" hits="1"/>
            <line number="182" hits="1"/>
            <line number="183" hits="1"/>
            <line number="184" hits="1"/>
            <line number="189" hits="1"/>
            <line number="190" hits="1"/>
            <line number="194" hits="1"/>
            <line number="195" hits="1"/>
            <line number="196" hits="1"/>
            <line number="197" hits="1"/>
            <line number="198" hits="1"/>
            <line number="199" hits="1"/>
            <line number="200" hits="1"/>
            <line number="201" hits="1"/>
            <line number="202" hits="1"/>
            <line number="207" hits="1"/>
            <line number="209" hits="1"/>
            <line number="210" hits="1"/>
            <line number="211" hits="1"/>
            <line number="216" hits="1"/>
            <line number="218" hits="1"/>
            <line number="219" hits="1"/>
            <line number="220" hits="1"/>
            <line number="221" hits="1"/>
            <line number="226" hits="1"/>
            <line number="228" hits="1"/>
            <line number="229" hits="1"/>
            <line number="231" hits="1"/>
            <line number="236" hits="1"/>
            <line number="237" hits="1"/>
            <line number="241" hits="1"/>
            <line number="243" hits="1"/>
            <line number="244" hits="1"/>
            <line number="246" hits="1"/>
            <line number="251" hits="1"/>
            <line number="253" hits="1"/>
            <line number="254" hits="1"/>
            <line number="256" hits="1"/>
            <line number="261" hits="1"/>
            <line number="265" hits="1"/>
            <line number="267" hits="0"/>
            <line number="269" hits="1"/>
            <line number="271" hits="1"/>
            <line number="272" hits="1"/>
            <line number="273" hits="0"/>
            <line number="276" hits="2"/>
            <line number="279" hits="1"/>
            <line number="280" hits="1"/>
            <line number="286" hits="0"/>
            <line number="288" hits="0"/>
            <line number="289" hits="0"/>
            <line number="292" hits="0"/>
            <line number="293" hits="0"/>
            <line number="294" hits="0"/>
            <line number="295" hits="0"/>
            <line number="296" hits="0"/>
            <line number="298" hits="0"/>
            <line number="299" hits="0"/>
            <line number="300" hits="0"/>
            <line number="305" hits="1"/>
            <line number="306" hits="1"/>
            <line number="307" hits="1"/>
            <line number="308" hits="1"/>
            <line number="309" hits="2"/>
            <line number="310" hits="1"/>
            <line number="311" hits="1"/>
            <line number="312" hits="1"/>
            <line number="313" hits="1"/>
            <line number="315" hits="2"/>
            <line number="316" hits="1"/>
            <line number="318" hits="1"/>
            <line number="319" hits="1"/>
            <line number="320" hits="3"/>
            <line number="321" hits="2"/>
            <line number="322" hits="2"/>
            <line number="323" hits="2"/>
            <line number="324" hits="1"/>
            <line number="326" hits="1"/>
          </lines>
        </class>
        <class line-rate="1" name="JenkemBot.Command" filename="src/main/scala/jenkem/bot/JenkemBot.scala">
          <methods/>
          <lines>
            <line number="49" hits="8"/>
          </lines>
        </class>
        <class line-rate="1" name="JenkemBot.ConfigItem" filename="src/main/scala/jenkem/bot/JenkemBot.scala">
          <methods/>
          <lines>
            <line number="54" hits="10"/>
          </lines>
        </class>
        <class line-rate="1" name="JenkemBot.IntExtractor" filename="src/main/scala/jenkem/bot/JenkemBot.scala">
          <methods/>
          <lines>
            <line number="58" hits="1"/>
            <line number="59" hits="1"/>
          </lines>
        </class>
        <class line-rate="0.5" name="Sender" filename="src/main/scala/jenkem/bot/Sender.scala">
          <methods/>
          <lines>
            <line number="23" hits="1"/>
            <line number="24" hits="1"/>
            <line number="25" hits="1"/>
            <line number="26" hits="1"/>
            <line number="62" hits="1"/>
            <line number="63" hits="1"/>
            <line number="64" hits="2"/>
            <line number="66" hits="0"/>
            <line number="67" hits="0"/>
            <line number="68" hits="0"/>
            <line number="73" hits="1"/>
            <line number="74" hits="0"/>
            <line number="75" hits="0"/>
            <line number="79" hits="0"/>
            <line number="80" hits="0"/>
            <line number="81" hits="0"/>
          </lines>
        </class>
        <class line-rate="0" name="Sender.ImageSender" filename="src/main/scala/jenkem/bot/Sender.scala">
          <methods/>
          <lines>
            <line number="34" hits="0"/>
            <line number="36" hits="0"/>
            <line number="37" hits="0"/>
            <line number="38" hits="0"/>
            <line number="39" hits="0"/>
            <line number="40" hits="0"/>
            <line number="42" hits="0"/>
            <line number="43" hits="0"/>
            <line number="45" hits="0"/>
            <line number="47" hits="0"/>
            <line number="49" hits="0"/>
            <line number="50" hits="0"/>
          </lines>
        </class>
      </classes>
    </package>
    <package line-rate="1" name="jenkem.bot.status">
      <classes>
        <class line-rate="1" name="BotStatus" filename="src/main/scala/jenkem/bot/status/BotStatus.scala">
          <methods/>
          <lines>
            <line number="19" hits="1"/>
          </lines>
        </class>
        <class line-rate="1" name="BotStatus.Value" filename="src/main/scala/jenkem/bot/status/BotStatus.scala">
          <methods/>
          <lines>
            <line number="20" hits="1"/>
            <line number="22" hits="1"/>
            <line number="23" hits="1"/>
          </lines>
        </class>
        <class line-rate="0" name="Connected" filename="src/main/scala/jenkem/bot/status/ConnectionStatus.scala">
          <methods/>
          <lines> </lines>
        </class>
        <class line-rate="0" name="ConnectionStatus" filename="src/main/scala/jenkem/bot/status/ConnectionStatus.scala">
          <methods/>
          <lines> </lines>
        </class>
        <class line-rate="0" name="Disconnected" filename="src/main/scala/jenkem/bot/status/ConnectionStatus.scala">
          <methods/>
          <lines> </lines>
        </class>
        <class line-rate="0" name="NotSending" filename="src/main/scala/jenkem/bot/status/SendStatus.scala">
          <methods/>
          <lines> </lines>
        </class>
        <class line-rate="0" name="SendStatus" filename="src/main/scala/jenkem/bot/status/SendStatus.scala">
          <methods/>
          <lines> </lines>
        </class>
        <class line-rate="0" name="Sending" filename="src/main/scala/jenkem/bot/status/SendStatus.scala">
          <methods/>
          <lines> </lines>
        </class>
        <class line-rate="0" name="UnknownConnectionStatus" filename="src/main/scala/jenkem/bot/status/ConnectionStatus.scala">
          <methods/>
          <lines> </lines>
        </class>
        <class line-rate="0" name="UnknownSendStatus" filename="src/main/scala/jenkem/bot/status/SendStatus.scala">
          <methods/>
          <lines> </lines>
        </class>
      </classes>
    </package>
    <package line-rate="0.89" name="jenkem.engine">
      <classes>
        <class line-rate="0.85" name="Engine" filename="src/main/scala/jenkem/engine/Engine.scala">
          <methods/>
          <lines>
            <line number="27" hits="1"/>
            <line number="42" hits="1"/>
            <line number="43" hits="1"/>
            <line number="44" hits="1"/>
            <line number="45" hits="1"/>
            <line number="52" hits="2"/>
            <line number="54" hits="1"/>
            <line number="55" hits="3"/>
            <line number="57" hits="1"/>
            <line number="58" hits="3"/>
            <line number="59" hits="2"/>
            <line number="63" hits="1"/>
            <line number="65" hits="1"/>
            <line number="66" hits="2"/>
            <line number="67" hits="2"/>
            <line number="68" hits="2"/>
            <line number="69" hits="2"/>
            <line number="70" hits="2"/>
            <line number="71" hits="1"/>
            <line number="76" hits="1"/>
            <line number="78" hits="3"/>
            <line number="79" hits="1"/>
            <line number="80" hits="3"/>
            <line number="81" hits="2"/>
            <line number="82" hits="2"/>
            <line number="83" hits="2"/>
            <line number="84" hits="2"/>
            <line number="85" hits="3"/>
            <line number="86" hits="3"/>
            <line number="87" hits="3"/>
            <line number="88" hits="3"/>
            <line number="89" hits="3"/>
            <line number="92" hits="1"/>
            <line number="94" hits="1"/>
            <line number="95" hits="1"/>
            <line number="96" hits="2"/>
            <line number="98" hits="1"/>
            <line number="99" hits="1"/>
            <line number="100" hits="1"/>
            <line number="101" hits="1"/>
            <line number="102" hits="1"/>
            <line number="103" hits="1"/>
            <line number="104" hits="0"/>
            <line number="107" hits="2"/>
            <line number="109" hits="1"/>
            <line number="110" hits="1"/>
            <line number="111" hits="1"/>
            <line number="112" hits="1"/>
            <line number="113" hits="1"/>
            <line number="114" hits="1"/>
            <line number="115" hits="0"/>
            <line number="120" hits="1"/>
            <line number="122" hits="2"/>
            <line number="123" hits="2"/>
            <line number="124" hits="2"/>
            <line number="126" hits="2"/>
            <line number="128" hits="2"/>
            <line number="130" hits="2"/>
            <line number="131" hits="2"/>
            <line number="134" hits="2"/>
            <line number="138" hits="1"/>
            <line number="139" hits="2"/>
            <line number="140" hits="1"/>
            <line number="145" hits="1"/>
            <line number="147" hits="2"/>
            <line number="148" hits="2"/>
            <line number="153" hits="1"/>
            <line number="155" hits="1"/>
            <line number="156" hits="1"/>
            <line number="157" hits="1"/>
            <line number="158" hits="1"/>
            <line number="159" hits="1"/>
            <line number="162" hits="1"/>
            <line number="163" hits="1"/>
            <line number="165" hits="1"/>
            <line number="166" hits="1"/>
            <line number="167" hits="1"/>
            <line number="171" hits="2"/>
            <line number="172" hits="1"/>
            <line number="176" hits="1"/>
            <line number="177" hits="1"/>
            <line number="178" hits="1"/>
            <line number="179" hits="2"/>
            <line number="180" hits="2"/>
            <line number="181" hits="1"/>
            <line number="187" hits="2"/>
            <line number="188" hits="1"/>
            <line number="189" hits="2"/>
            <line number="190" hits="1"/>
            <line number="191" hits="1"/>
            <line number="192" hits="1"/>
            <line number="193" hits="1"/>
            <line number="194" hits="1"/>
            <line number="198" hits="3"/>
            <line number="202" hits="2"/>
            <line number="203" hits="2"/>
            <line number="204" hits="2"/>
            <line number="205" hits="2"/>
            <line number="206" hits="2"/>
            <line number="207" hits="2"/>
            <line number="208" hits="2"/>
            <line number="209" hits="2"/>
            <line number="210" hits="1"/>
            <line number="213" hits="1"/>
            <line number="215" hits="1"/>
            <line number="216" hits="1"/>
            <line number="217" hits="1"/>
            <line number="218" hits="1"/>
            <line number="219" hits="1"/>
            <line number="220" hits="1"/>
            <line number="221" hits="1"/>
            <line number="222" hits="1"/>
            <line number="223" hits="1"/>
            <line number="224" hits="1"/>
            <line number="225" hits="1"/>
            <line number="226" hits="1"/>
            <line number="227" hits="1"/>
            <line number="228" hits="1"/>
            <line number="229" hits="1"/>
            <line number="230" hits="3"/>
            <line number="234" hits="2"/>
            <line number="237" hits="1"/>
            <line number="239" hits="1"/>
            <line number="240" hits="1"/>
            <line number="241" hits="1"/>
            <line number="242" hits="1"/>
            <line number="243" hits="1"/>
            <line number="244" hits="1"/>
            <line number="245" hits="1"/>
            <line number="246" hits="1"/>
            <line number="247" hits="1"/>
            <line number="248" hits="2"/>
            <line number="249" hits="1"/>
            <line number="250" hits="1"/>
            <line number="251" hits="1"/>
            <line number="253" hits="2"/>
            <line number="258" hits="2"/>
            <line number="261" hits="0"/>
            <line number="262" hits="0"/>
            <line number="263" hits="0"/>
            <line number="264" hits="0"/>
            <line number="265" hits="0"/>
            <line number="266" hits="0"/>
            <line number="267" hits="0"/>
            <line number="269" hits="0"/>
            <line number="270" hits="0"/>
            <line number="275" hits="2"/>
            <line number="278" hits="0"/>
            <line number="280" hits="0"/>
            <line number="281" hits="0"/>
            <line number="286" hits="2"/>
          </lines>
        </class>
        <class line-rate="1" name="Engine.Params" filename="src/main/scala/jenkem/engine/Engine.scala">
          <methods/>
          <lines>
            <line number="29" hits="1"/>
            <line number="38" hits="1"/>
          </lines>
        </class>
        <class line-rate="1" name="Kick" filename="src/main/scala/jenkem/engine/Kick.scala">
          <methods/>
          <lines>
            <line number="28" hits="1"/>
          </lines>
        </class>
        <class line-rate="1" name="Kick" filename="src/main/scala/jenkem/engine/Kick.scala">
          <methods/>
          <lines>
            <line number="35" hits="1"/>
            <line number="36" hits="2"/>
            <line number="37" hits="1"/>
          </lines>
        </class>
        <class line-rate="0" name="Kick.OFF" filename="src/main/scala/jenkem/engine/Kick.scala">
          <methods/>
          <lines> </lines>
        </class>
        <class line-rate="0" name="Kick.X" filename="src/main/scala/jenkem/engine/Kick.scala">
          <methods/>
          <lines> </lines>
        </class>
        <class line-rate="0" name="Kick.XY" filename="src/main/scala/jenkem/engine/Kick.scala">
          <methods/>
          <lines> </lines>
        </class>
        <class line-rate="0" name="Kick.Y" filename="src/main/scala/jenkem/engine/Kick.scala">
          <methods/>
          <lines> </lines>
        </class>
        <class line-rate="1" name="Method" filename="src/main/scala/jenkem/engine/Method.scala">
          <methods/>
          <lines>
            <line number="16" hits="1"/>
          </lines>
        </class>
        <class line-rate="1" name="Method" filename="src/main/scala/jenkem/engine/Method.scala">
          <methods/>
          <lines>
            <line number="23" hits="1"/>
            <line number="24" hits="2"/>
            <line number="25" hits="1"/>
          </lines>
        </class>
        <class line-rate="0" name="Method.Plain" filename="src/main/scala/jenkem/engine/Method.scala">
          <methods/>
          <lines> </lines>
        </class>
        <class line-rate="0" name="Method.Pwntari" filename="src/main/scala/jenkem/engine/Method.scala">
          <methods/>
          <lines> </lines>
        </class>
        <class line-rate="0" name="Method.Stencil" filename="src/main/scala/jenkem/engine/Method.scala">
          <methods/>
          <lines> </lines>
        </class>
        <class line-rate="0" name="Method.Vortacular" filename="src/main/scala/jenkem/engine/Method.scala">
          <methods/>
          <lines> </lines>
        </class>
        <class line-rate="1" name="Pal" filename="src/main/scala/jenkem/engine/Pal.scala">
          <methods/>
          <lines>
            <line number="18" hits="1"/>
          </lines>
        </class>
        <class line-rate="1" name="Pal" filename="src/main/scala/jenkem/engine/Pal.scala">
          <methods/>
          <lines>
            <line number="21" hits="1"/>
            <line number="35" hits="1"/>
            <line number="36" hits="1"/>
            <line number="49" hits="1"/>
            <line number="50" hits="1"/>
            <line number="51" hits="1"/>
            <line number="52" hits="1"/>
            <line number="53" hits="1"/>
            <line number="55" hits="2"/>
            <line number="58" hits="2"/>
            <line number="62" hits="2"/>
            <line number="63" hits="2"/>
            <line number="64" hits="1"/>
            <line number="73" hits="1"/>
            <line number="77" hits="1"/>
            <line number="78" hits="1"/>
            <line number="79" hits="1"/>
            <line number="83" hits="1"/>
            <line number="84" hits="1"/>
            <line number="85" hits="2"/>
            <line number="86" hits="1"/>
            <line number="87" hits="1"/>
            <line number="88" hits="1"/>
            <line number="89" hits="1"/>
            <line number="93" hits="1"/>
            <line number="95" hits="1"/>
            <line number="100" hits="3"/>
            <line number="104" hits="1"/>
            <line number="108" hits="1"/>
            <line number="109" hits="1"/>
            <line number="113" hits="2"/>
            <line number="114" hits="2"/>
            <line number="115" hits="1"/>
            <line number="118" hits="1"/>
            <line number="119" hits="1"/>
          </lines>
        </class>
        <class line-rate="0" name="Pal.ACrude" filename="src/main/scala/jenkem/engine/Pal.scala">
          <methods/>
          <lines> </lines>
        </class>
        <class line-rate="0" name="Pal.Ansi" filename="src/main/scala/jenkem/engine/Pal.scala">
          <methods/>
          <lines> </lines>
        </class>
        <class line-rate="0" name="Pal.Chaos" filename="src/main/scala/jenkem/engine/Pal.scala">
          <methods/>
          <lines> </lines>
        </class>
        <class line-rate="1" name="Pal.Charset" filename="src/main/scala/jenkem/engine/Pal.scala">
          <methods/>
          <lines>
            <line number="38" hits="1"/>
          </lines>
        </class>
        <class line-rate="0" name="Pal.DOWN" filename="src/main/scala/jenkem/engine/Pal.scala">
          <methods/>
          <lines> </lines>
        </class>
        <class line-rate="0" name="Pal.DOWN_UP" filename="src/main/scala/jenkem/engine/Pal.scala">
          <methods/>
          <lines> </lines>
        </class>
        <class line-rate="0" name="Pal.HCrude" filename="src/main/scala/jenkem/engine/Pal.scala">
          <methods/>
          <lines> </lines>
        </class>
        <class line-rate="0" name="Pal.H_LINE" filename="src/main/scala/jenkem/engine/Pal.scala">
          <methods/>
          <lines> </lines>
        </class>
        <class line-rate="0" name="Pal.Hard" filename="src/main/scala/jenkem/engine/Pal.scala">
          <methods/>
          <lines> </lines>
        </class>
        <class line-rate="0" name="Pal.LEFT" filename="src/main/scala/jenkem/engine/Pal.scala">
          <methods/>
          <lines> </lines>
        </class>
        <class line-rate="0" name="Pal.LEFT_DOWN" filename="src/main/scala/jenkem/engine/Pal.scala">
          <methods/>
          <lines> </lines>
        </class>
        <class line-rate="0" name="Pal.LEFT_UP" filename="src/main/scala/jenkem/engine/Pal.scala">
          <methods/>
          <lines> </lines>
        </class>
        <class line-rate="0" name="Pal.Letters" filename="src/main/scala/jenkem/engine/Pal.scala">
          <methods/>
          <lines> </lines>
        </class>
        <class line-rate="0" name="Pal.Mixed" filename="src/main/scala/jenkem/engine/Pal.scala">
          <methods/>
          <lines> </lines>
        </class>
        <class line-rate="0" name="Pal.Party" filename="src/main/scala/jenkem/engine/Pal.scala">
          <methods/>
          <lines> </lines>
        </class>
        <class line-rate="0" name="Pal.RIGHT" filename="src/main/scala/jenkem/engine/Pal.scala">
          <methods/>
          <lines> </lines>
        </class>
        <class line-rate="0" name="Pal.RIGHT_DOWN" filename="src/main/scala/jenkem/engine/Pal.scala">
          <methods/>
          <lines> </lines>
        </class>
        <class line-rate="0" name="Pal.RIGHT_UP" filename="src/main/scala/jenkem/engine/Pal.scala">
          <methods/>
          <lines> </lines>
        </class>
        <class line-rate="0" name="Pal.SCrude" filename="src/main/scala/jenkem/engine/Pal.scala">
          <methods/>
          <lines> </lines>
        </class>
        <class line-rate="0" name="Pal.Soft" filename="src/main/scala/jenkem/engine/Pal.scala">
          <methods/>
          <lines> </lines>
        </class>
        <class line-rate="0" name="Pal.UP" filename="src/main/scala/jenkem/engine/Pal.scala">
          <methods/>
          <lines> </lines>
        </class>
        <class line-rate="0" name="Pal.UP_DOWN" filename="src/main/scala/jenkem/engine/Pal.scala">
          <methods/>
          <lines> </lines>
        </class>
        <class line-rate="0" name="Pal.V_LINE" filename="src/main/scala/jenkem/engine/Pal.scala">
          <methods/>
          <lines> </lines>
        </class>
        <class line-rate="1" name="Proportion" filename="src/main/scala/jenkem/engine/Proportion.scala">
          <methods/>
          <lines>
            <line number="19" hits="1"/>
          </lines>
        </class>
        <class line-rate="1" name="Proportion" filename="src/main/scala/jenkem/engine/Proportion.scala">
          <methods/>
          <lines>
            <line number="22" hits="1"/>
            <line number="23" hits="2"/>
            <line number="24" hits="1"/>
            <line number="27" hits="1"/>
            <line number="28" hits="1"/>
            <line number="30" hits="1"/>
          </lines>
        </class>
        <class line-rate="0" name="Proportion.Exact" filename="src/main/scala/jenkem/engine/Proportion.scala">
          <methods/>
          <lines> </lines>
        </class>
        <class line-rate="0" name="Proportion.Optimize" filename="src/main/scala/jenkem/engine/Proportion.scala">
          <methods/>
          <lines> </lines>
        </class>
        <class line-rate="1" name="Setting" filename="src/main/scala/jenkem/engine/Setting.scala">
          <methods/>
          <lines>
            <line number="16" hits="1"/>
          </lines>
        </class>
        <class line-rate="1" name="Setting" filename="src/main/scala/jenkem/engine/Setting.scala">
          <methods/>
          <lines>
            <line number="25" hits="1"/>
            <line number="27" hits="1"/>
            <line number="28" hits="1"/>
            <line number="29" hits="1"/>
            <line number="51" hits="1"/>
          </lines>
        </class>
        <class line-rate="0" name="Setting.DBQP" filename="src/main/scala/jenkem/engine/Setting.scala">
          <methods/>
          <lines> </lines>
        </class>
        <class line-rate="0" name="Setting.DIAGONAL" filename="src/main/scala/jenkem/engine/Setting.scala">
          <methods/>
          <lines> </lines>
        </class>
        <class line-rate="0" name="Setting.HORIZONTAL" filename="src/main/scala/jenkem/engine/Setting.scala">
          <methods/>
          <lines> </lines>
        </class>
        <class line-rate="1" name="Setting.Instance" filename="src/main/scala/jenkem/engine/Setting.scala">
          <methods/>
          <lines>
            <line number="32" hits="1"/>
            <line number="34" hits="2"/>
            <line number="35" hits="2"/>
            <line number="36" hits="2"/>
            <line number="37" hits="2"/>
            <line number="38" hits="1"/>
            <line number="40" hits="1"/>
            <line number="42" hits="1"/>
            <line number="43" hits="1"/>
            <line number="44" hits="1"/>
            <line number="45" hits="1"/>
          </lines>
        </class>
        <class line-rate="0" name="Setting.LEFTRIGHT" filename="src/main/scala/jenkem/engine/Setting.scala">
          <methods/>
          <lines> </lines>
        </class>
        <class line-rate="0" name="Setting.UPDOWN" filename="src/main/scala/jenkem/engine/Setting.scala">
          <methods/>
          <lines> </lines>
        </class>
        <class line-rate="0" name="Setting.VERTICAL" filename="src/main/scala/jenkem/engine/Setting.scala">
          <methods/>
          <lines> </lines>
        </class>
      </classes>
    </package>
    <package line-rate="1" name="jenkem.engine.color">
      <classes>
        <class line-rate="1" name="Color" filename="src/main/scala/jenkem/engine/color/Color.scala">
          <methods/>
          <lines>
            <line number="16" hits="1"/>
          </lines>
        </class>
        <class line-rate="1" name="Color" filename="src/main/scala/jenkem/engine/color/Color.scala">
          <methods/>
          <lines>
            <line number="24" hits="1"/>
            <line number="25" hits="1"/>
            <line number="26" hits="1"/>
          </lines>
        </class>
        <class line-rate="1" name="Cube" filename="src/main/scala/jenkem/engine/color/Cube.scala">
          <methods/>
          <lines>
            <line number="21" hits="1"/>
            <line number="22" hits="1"/>
            <line number="23" hits="2"/>
            <line number="24" hits="1"/>
            <line number="29" hits="2"/>
            <line number="30" hits="2"/>
            <line number="35" hits="1"/>
            <line number="38" hits="1"/>
            <line number="41" hits="1"/>
            <line number="42" hits="2"/>
            <line number="43" hits="1"/>
            <line number="44" hits="1"/>
            <line number="54" hits="1"/>
            <line number="55" hits="1"/>
            <line number="56" hits="1"/>
            <line number="57" hits="1"/>
            <line number="59" hits="1"/>
            <line number="67" hits="1"/>
            <line number="71" hits="1"/>
            <line number="76" hits="1"/>
            <line number="77" hits="1"/>
            <line number="82" hits="1"/>
            <line number="83" hits="1"/>
          </lines>
        </class>
        <class line-rate="1" name="Power" filename="src/main/scala/jenkem/engine/color/Power.scala">
          <methods/>
          <lines>
            <line number="16" hits="1"/>
          </lines>
        </class>
        <class line-rate="1" name="Power" filename="src/main/scala/jenkem/engine/color/Power.scala">
          <methods/>
          <lines>
            <line number="23" hits="1"/>
            <line number="24" hits="2"/>
            <line number="25" hits="1"/>
          </lines>
        </class>
        <class line-rate="0" name="Power.Cubic" filename="src/main/scala/jenkem/engine/color/Power.scala">
          <methods/>
          <lines> </lines>
        </class>
        <class line-rate="0" name="Power.Linear" filename="src/main/scala/jenkem/engine/color/Power.scala">
          <methods/>
          <lines> </lines>
        </class>
        <class line-rate="0" name="Power.Quadratic" filename="src/main/scala/jenkem/engine/color/Power.scala">
          <methods/>
          <lines> </lines>
        </class>
        <class line-rate="0" name="Power.Quartic" filename="src/main/scala/jenkem/engine/color/Power.scala">
          <methods/>
          <lines> </lines>
        </class>
        <class line-rate="1" name="Sample" filename="src/main/scala/jenkem/engine/color/Sample.scala">
          <methods/>
          <lines>
            <line number="29" hits="1"/>
            <line number="32" hits="1"/>
            <line number="33" hits="1"/>
            <line number="34" hits="1"/>
            <line number="35" hits="1"/>
            <line number="36" hits="1"/>
            <line number="41" hits="1"/>
            <line number="42" hits="1"/>
            <line number="43" hits="1"/>
            <line number="44" hits="1"/>
            <line number="45" hits="1"/>
            <line number="53" hits="1"/>
            <line number="54" hits="1"/>
            <line number="55" hits="1"/>
            <line number="56" hits="1"/>
            <line number="59" hits="1"/>
            <line number="60" hits="1"/>
            <line number="61" hits="1"/>
            <line number="64" hits="1"/>
            <line number="65" hits="1"/>
            <line number="66" hits="1"/>
            <line number="68" hits="1"/>
            <line number="69" hits="1"/>
            <line number="70" hits="1"/>
            <line number="71" hits="1"/>
            <line number="72" hits="1"/>
            <line number="78" hits="1"/>
            <line number="79" hits="1"/>
            <line number="80" hits="1"/>
            <line number="83" hits="1"/>
            <line number="84" hits="1"/>
            <line number="85" hits="1"/>
            <line number="87" hits="1"/>
            <line number="88" hits="1"/>
            <line number="89" hits="1"/>
            <line number="90" hits="1"/>
            <line number="91" hits="1"/>
            <line number="96" hits="1"/>
            <line number="100" hits="1"/>
            <line number="101" hits="1"/>
            <line number="102" hits="1"/>
            <line number="103" hits="1"/>
            <line number="104" hits="1"/>
            <line number="106" hits="1"/>
            <line number="110" hits="1"/>
            <line number="111" hits="1"/>
            <line number="112" hits="1"/>
            <line number="113" hits="1"/>
            <line number="115" hits="1"/>
            <line number="116" hits="1"/>
            <line number="117" hits="1"/>
            <line number="123" hits="1"/>
            <line number="124" hits="1"/>
            <line number="125" hits="1"/>
            <line number="126" hits="1"/>
            <line number="130" hits="1"/>
            <line number="131" hits="1"/>
            <line number="132" hits="1"/>
            <line number="133" hits="1"/>
            <line number="137" hits="1"/>
            <line number="138" hits="1"/>
            <line number="139" hits="3"/>
            <line number="140" hits="1"/>
            <line number="143" hits="1"/>
            <line number="145" hits="1"/>
          </lines>
        </class>
        <class line-rate="0" name="Sample.BOT" filename="src/main/scala/jenkem/engine/color/Sample.scala">
          <methods/>
          <lines> </lines>
        </class>
        <class line-rate="1" name="Sample.Dir" filename="src/main/scala/jenkem/engine/color/Sample.scala">
          <methods/>
          <lines>
            <line number="23" hits="1"/>
          </lines>
        </class>
        <class line-rate="0" name="Sample.LEFT" filename="src/main/scala/jenkem/engine/color/Sample.scala">
          <methods/>
          <lines> </lines>
        </class>
        <class line-rate="0" name="Sample.RIGHT" filename="src/main/scala/jenkem/engine/color/Sample.scala">
          <methods/>
          <lines> </lines>
        </class>
        <class line-rate="0" name="Sample.TOP" filename="src/main/scala/jenkem/engine/color/Sample.scala">
          <methods/>
          <lines> </lines>
        </class>
        <class line-rate="1" name="Sample.Xdir" filename="src/main/scala/jenkem/engine/color/Sample.scala">
          <methods/>
          <lines>
            <line number="26" hits="1"/>
          </lines>
        </class>
        <class line-rate="1" name="Sample.Ydir" filename="src/main/scala/jenkem/engine/color/Sample.scala">
          <methods/>
          <lines>
            <line number="23" hits="1"/>
          </lines>
        </class>
        <class line-rate="1" name="Scheme" filename="src/main/scala/jenkem/engine/color/Scheme.scala">
          <methods/>
          <lines>
            <line number="16" hits="1"/>
          </lines>
        </class>
        <class line-rate="1" name="Scheme" filename="src/main/scala/jenkem/engine/color/Scheme.scala">
          <methods/>
          <lines>
            <line number="26" hits="1"/>
            <line number="27" hits="2"/>
            <line number="28" hits="1"/>
            <line number="48" hits="1"/>
            <line number="50" hits="2"/>
            <line number="54" hits="2"/>
            <line number="55" hits="1"/>
            <line number="57" hits="1"/>
          </lines>
        </class>
        <class line-rate="0" name="Scheme.Black" filename="src/main/scala/jenkem/engine/color/Scheme.scala">
          <methods/>
          <lines> </lines>
        </class>
        <class line-rate="0" name="Scheme.Blue" filename="src/main/scala/jenkem/engine/color/Scheme.scala">
          <methods/>
          <lines> </lines>
        </class>
        <class line-rate="0" name="Scheme.Brown" filename="src/main/scala/jenkem/engine/color/Scheme.scala">
          <methods/>
          <lines> </lines>
        </class>
        <class line-rate="0" name="Scheme.Bw" filename="src/main/scala/jenkem/engine/color/Scheme.scala">
          <methods/>
          <lines> </lines>
        </class>
        <class line-rate="0" name="Scheme.Bwg" filename="src/main/scala/jenkem/engine/color/Scheme.scala">
          <methods/>
          <lines> </lines>
        </class>
        <class line-rate="0" name="Scheme.Cyan" filename="src/main/scala/jenkem/engine/color/Scheme.scala">
          <methods/>
          <lines> </lines>
        </class>
        <class line-rate="0" name="Scheme.DarkBlue" filename="src/main/scala/jenkem/engine/color/Scheme.scala">
          <methods/>
          <lines> </lines>
        </class>
        <class line-rate="0" name="Scheme.DarkGreen" filename="src/main/scala/jenkem/engine/color/Scheme.scala">
          <methods/>
          <lines> </lines>
        </class>
        <class line-rate="0" name="Scheme.Default" filename="src/main/scala/jenkem/engine/color/Scheme.scala">
          <methods/>
          <lines> </lines>
        </class>
        <class line-rate="0" name="Scheme.Full" filename="src/main/scala/jenkem/engine/color/Scheme.scala">
          <methods/>
          <lines> </lines>
        </class>
        <class line-rate="0" name="Scheme.Gray" filename="src/main/scala/jenkem/engine/color/Scheme.scala">
          <methods/>
          <lines> </lines>
        </class>
        <class line-rate="0" name="Scheme.Green" filename="src/main/scala/jenkem/engine/color/Scheme.scala">
          <methods/>
          <lines> </lines>
        </class>
        <class line-rate="1" name="Scheme.IrcColor" filename="src/main/scala/jenkem/engine/color/Scheme.scala">
          <methods/>
          <lines>
            <line number="31" hits="1"/>
          </lines>
        </class>
        <class line-rate="0" name="Scheme.LightGray" filename="src/main/scala/jenkem/engine/color/Scheme.scala">
          <methods/>
          <lines> </lines>
        </class>
        <class line-rate="0" name="Scheme.Lsd" filename="src/main/scala/jenkem/engine/color/Scheme.scala">
          <methods/>
          <lines> </lines>
        </class>
        <class line-rate="0" name="Scheme.Magenta" filename="src/main/scala/jenkem/engine/color/Scheme.scala">
          <methods/>
          <lines> </lines>
        </class>
        <class line-rate="0" name="Scheme.Mono" filename="src/main/scala/jenkem/engine/color/Scheme.scala">
          <methods/>
          <lines> </lines>
        </class>
        <class line-rate="0" name="Scheme.Orange" filename="src/main/scala/jenkem/engine/color/Scheme.scala">
          <methods/>
          <lines> </lines>
        </class>
        <class line-rate="0" name="Scheme.Purple" filename="src/main/scala/jenkem/engine/color/Scheme.scala">
          <methods/>
          <lines> </lines>
        </class>
        <class line-rate="0" name="Scheme.Red" filename="src/main/scala/jenkem/engine/color/Scheme.scala">
          <methods/>
          <lines> </lines>
        </class>
        <class line-rate="0" name="Scheme.Teal" filename="src/main/scala/jenkem/engine/color/Scheme.scala">
          <methods/>
          <lines> </lines>
        </class>
        <class line-rate="0" name="Scheme.White" filename="src/main/scala/jenkem/engine/color/Scheme.scala">
          <methods/>
          <lines> </lines>
        </class>
        <class line-rate="0" name="Scheme.Yellow" filename="src/main/scala/jenkem/engine/color/Scheme.scala">
          <methods/>
          <lines> </lines>
        </class>
        <class line-rate="1" name="WeightedColor" filename="src/main/scala/jenkem/engine/color/WeightedColor.scala">
          <methods/>
          <lines>
            <line number="16" hits="1"/>
          </lines>
        </class>
      </classes>
    </package>
    <package line-rate="1" name="jenkem.event">
      <classes>
        <class line-rate="1" name="DoConversionEvent" filename="src/main/scala/jenkem/event/DoConversionEvent.scala">
          <methods/>
          <lines>
            <line number="18" hits="1"/>
          </lines>
        </class>
        <class line-rate="1" name="SaveImageEvent" filename="src/main/scala/jenkem/event/SaveImageEvent.scala">
          <methods/>
          <lines>
            <line number="18" hits="1"/>
          </lines>
        </class>
        <class line-rate="1" name="SendToIrcEvent" filename="src/main/scala/jenkem/event/SendToIrcEvent.scala">
          <methods/>
          <lines>
            <line number="18" hits="1"/>
          </lines>
        </class>
      </classes>
    </package>
    <package line-rate="0.94" name="jenkem.js">
      <classes>
        <class line-rate="0.90" name="Cropper" filename="src/main/scala/jenkem/js/Cropper.scala">
          <methods/>
          <lines>
            <line number="29" hits="1"/>
            <line number="30" hits="1"/>
            <line number="32" hits="1"/>
            <line number="34" hits="1"/>
            <line number="53" hits="1"/>
            <line number="54" hits="1"/>
            <line number="56" hits="1"/>
            <line number="57" hits="1"/>
            <line number="60" hits="1"/>
            <line number="61" hits="1"/>
            <line number="63" hits="0"/>
          </lines>
        </class>
        <class line-rate="1" name="CropperChangeListener" filename="src/main/scala/jenkem/js/CropperChangeListener.scala">
          <methods/>
          <lines>
            <line number="16" hits="1"/>
          </lines>
        </class>
        <class line-rate="1" name="CropperState" filename="src/main/scala/jenkem/js/CropperState.scala">
          <methods/>
          <lines>
            <line number="18" hits="1"/>
            <line number="19" hits="1"/>
            <line number="20" hits="1"/>
            <line number="21" hits="1"/>
          </lines>
        </class>
        <class line-rate="1" name="Crops" filename="src/main/scala/jenkem/js/Crops.scala">
          <methods/>
          <lines>
            <line number="16" hits="1"/>
          </lines>
        </class>
      </classes>
    </package>
    <package line-rate="0.85" name="jenkem.persistence">
      <classes>
        <class line-rate="0.33" name="PMF" filename="src/main/scala/jenkem/persistence/PMF.scala">
          <methods/>
          <lines>
            <line number="36" hits="1"/>
            <line number="37" hits="0"/>
            <line number="38" hits="0"/>
            <line number="39" hits="0"/>
            <line number="40" hits="0"/>
            <line number="42" hits="1"/>
          </lines>
        </class>
        <class line-rate="1" name="PMF" filename="src/main/scala/jenkem/persistence/PMF.scala">
          <methods/>
          <lines>
            <line number="25" hits="1"/>
            <line number="26" hits="1"/>
            <line number="27" hits="1"/>
            <line number="28" hits="1"/>
            <line number="29" hits="1"/>
            <line number="31" hits="1"/>
            <line number="33" hits="1"/>
            <line number="34" hits="1"/>
            <line number="45" hits="1"/>
            <line number="46" hits="1"/>
          </lines>
        </class>
        <class 
        line-rate="0.88" name="PersistenceService" filename="src/main/scala/jenkem/persistence/PersistenceService.scala">
          <methods/>
          <lines>
            <line number="36" hits="1"/>
            <line number="39" hits="1"/>
            <line number="40" hits="1"/>
            <line number="41" hits="1"/>
            <line number="43" hits="1"/>
            <line number="44" hits="1"/>
            <line number="46" hits="1"/>
            <line number="47" hits="2"/>
            <line number="48" hits="1"/>
            <line number="51" hits="1"/>
            <line number="52" hits="1"/>
            <line number="53" hits="1"/>
            <line number="54" hits="1"/>
            <line number="55" hits="1"/>
            <line number="56" hits="1"/>
            <line number="57" hits="1"/>
            <line number="59" hits="0"/>
            <line number="60" hits="0"/>
            <line number="62" hits="1"/>
            <line number="63" hits="1"/>
            <line number="68" hits="1"/>
            <line number="69" hits="1"/>
            <line number="70" hits="1"/>
            <line number="73" hits="1"/>
            <line number="75" hits="1"/>
            <line number="76" hits="1"/>
            <line number="77" hits="1"/>
            <line number="78" hits="1"/>
            <line number="79" hits="1"/>
            <line number="80" hits="3"/>
            <line number="82" hits="0"/>
            <line number="84" hits="1"/>
            <line number="89" hits="1"/>
            <line number="91" hits="1"/>
            <line number="92" hits="1"/>
            <line number="93" hits="1"/>
            <line number="94" hits="1"/>
            <line number="95" hits="1"/>
            <line number="97" hits="0"/>
            <line number="99" hits="1"/>
          </lines>
</class>
      </classes>
    </package>
    <package line-rate="1" name="jenkem.persistence.data">
      <classes>
        <class line-rate="1" name="ImageCss" filename="src/main/scala/jenkem/persistence/data/ImageCss.scala">
          <methods/>
          <lines>
            <line number="24" hits="1"/>
            <line number="25" hits="1"/>
            <line number="26" hits="1"/>
          </lines>
        </class>
        <class line-rate="1" name="ImageHtml" filename="src/main/scala/jenkem/persistence/data/ImageHtml.scala">
          <methods/>
          <lines>
            <line number="25" hits="1"/>
            <line number="26" hits="1"/>
            <line number="27" hits="1"/>
          </lines>
        </class>
        <class line-rate="1" name="ImageInfo" filename="src/main/scala/jenkem/persistence/data/ImageInfo.scala">
          <methods/>
          <lines>
            <line number="24" hits="1"/>
            <line number="27" hits="1"/>
            <line number="28" hits="1"/>
          </lines>
        </class>
        <class line-rate="1" name="ImageIrc" filename="src/main/scala/jenkem/persistence/data/ImageIrc.scala">
          <methods/>
          <lines>
            <line number="24" hits="1"/>
            <line number="25" hits="1"/>
            <line number="26" hits="1"/>
          </lines>
        </class>
        <class line-rate="0" name="ImagePartTrait" filename="src/main/scala/jenkem/persistence/data/ImagePartTrait.scala">
          <methods/>
          <lines> </lines>
        </class>
        <class line-rate="1" name="JenkemImage" filename="src/main/scala/jenkem/persistence/data/JenkemImage.scala">
          <methods/>
          <lines>
            <line number="16" hits="1"/>
            <line number="22" hits="1"/>
          </lines>
        </class>
        <class line-rate="0" name="JenkemImage.CSS" filename="src/main/scala/jenkem/persistence/data/JenkemImage.scala">
          <methods/>
          <lines> </lines>
        </class>
        <class line-rate="0" name="JenkemImage.HTML" filename="src/main/scala/jenkem/persistence/data/JenkemImage.scala">
          <methods/>
          <lines> </lines>
        </class>
        <class line-rate="0" name="JenkemImage.INFO" filename="src/main/scala/jenkem/persistence/data/JenkemImage.scala">
          <methods/>
          <lines> </lines>
        </class>
        <class line-rate="0" name="JenkemImage.IRC" filename="src/main/scala/jenkem/persistence/data/JenkemImage.scala">
          <methods/>
          <lines> </lines>
        </class>
        <class line-rate="1" name="JenkemImage.Part" filename="src/main/scala/jenkem/persistence/data/JenkemImage.scala">
          <methods/>
          <lines>
            <line number="17" hits="1"/>
          </lines>
        </class>
      </classes>
    </package>
    <package line-rate="0.74" name="jenkem.servlet">
      <classes>
        <class line-rate="1" name="AbstractOutputServlet" filename="src/main/scala/jenkem/servlet/AbstractOutputServlet.scala">
          <methods/>
          <lines>
            <line number="23" hits="1"/>
            <line number="24" hits="1"/>
            <line number="25" hits="1"/>
            <line number="27" hits="1"/>
            <line number="28" hits="1"/>
          </lines>
        </class>
        <class line-rate="0.83" name="CssOutputServlet" filename="src/main/scala/jenkem/servlet/CssOutputServlet.scala">
          <methods/>
          <lines>
            <line number="22" hits="1"/>
            <line number="24" hits="1"/>
            <line number="25" hits="1"/>
            <line number="26" hits="1"/>
            <line number="27" hits="0"/>
            <line number="28" hits="1"/>
          </lines>
        </class>
        <class line-rate="0.62" name="HtmlOutputServlet" filename="src/main/scala/jenkem/servlet/HtmlOutputServlet.scala">
          <methods/>
          <lines>
            <line number="25" hits="1"/>
            <line number="27" hits="1"/>
            <line number="28" hits="1"/>
            <line number="29" hits="1"/>
            <line number="31" hits="0"/>
            <line number="32" hits="0"/>
            <line number="33" hits="0"/>
            <line number="35" hits="1"/>
          </lines>
        </class>
        <class line-rate="0.62" name="IrcOutputServlet" filename="src/main/scala/jenkem/servlet/IrcOutputServlet.scala">
          <methods/>
          <lines>
            <line number="24" hits="1"/>
            <line number="26" hits="1"/>
            <line number="27" hits="1"/>
            <line number="28" hits="1"/>
            <line number="30" hits="0"/>
            <line number="31" hits="0"/>
            <line number="32" hits="0"/>
            <line number="34" hits="1"/>
          </lines>
        </class>
      </classes>
    </package>
    <package line-rate="0.87" name="jenkem.ui">
      <classes>
        <class line-rate="0.92" name="ImagePreparer" filename="src/main/scala/jenkem/ui/ImagePreparer.scala">
          <methods/>
          <lines>
            <line number="43" hits="1"/>
            <line number="44" hits="1"/>
            <line number="46" hits="1"/>
            <line number="47" hits="1"/>
            <line number="48" hits="1"/>
            <line number="49" hits="1"/>
            <line number="50" hits="1"/>
            <line number="52" hits="2"/>
            <line number="62" hits="1"/>
            <line number="63" hits="1"/>
            <line number="64" hits="1"/>
            <line number="65" hits="1"/>
            <line number="66" hits="1"/>
            <line number="67" hits="1"/>
            <line number="68" hits="1"/>
            <line number="70" hits="1"/>
            <line number="71" hits="1"/>
            <line number="72" hits="1"/>
            <line number="73" hits="1"/>
            <line number="74" hits="1"/>
            <line number="75" hits="1"/>
            <line number="76" hits="1"/>
            <line number="77" hits="1"/>
            <line number="78" hits="1"/>
            <line number="79" hits="1"/>
            <line number="80" hits="1"/>
            <line number="81" hits="1"/>
            <line number="83" hits="1"/>
            <line number="84" hits="1"/>
            <line number="85" hits="1"/>
            <line number="86" hits="1"/>
            <line number="87" hits="1"/>
            <line number="88" hits="1"/>
            <line number="89" hits="1"/>
            <line number="90" hits="1"/>
            <line number="91" hits="2"/>
            <line number="101" hits="1"/>
            <line number="103" hits="1"/>
            <line number="104" hits="1"/>
            <line number="105" hits="2"/>
            <line number="107" hits="1"/>
            <line number="108" hits="1"/>
            <line number="109" hits="2"/>
            <line number="111" hits="1"/>
            <line number="112" hits="1"/>
            <line number="113" hits="1"/>
            <line number="114" hits="1"/>
            <line number="115" hits="1"/>
            <line number="116" hits="1"/>
            <line number="117" hits="2"/>
            <line number="122" hits="1"/>
            <line number="123" hits="1"/>
            <line number="124" hits="1"/>
            <line number="126" hits="1"/>
            <line number="128" hits="1"/>
            <line number="129" hits="1"/>
            <line number="137" hits="1"/>
            <line number="138" hits="1"/>
            <line number="140" hits="1"/>
            <line number="141" hits="1"/>
            <line number="142" hits="1"/>
            <line number="143" hits="1"/>
            <line number="144" hits="1"/>
            <line number="145" hits="1"/>
            <line number="146" hits="1"/>
            <line number="147" hits="1"/>
            <line number="150" hits="1"/>
            <line number="151" hits="1"/>
            <line number="155" hits="1"/>
            <line number="156" hits="1"/>
            <line number="160" hits="1"/>
            <line number="161" hits="1"/>
            <line number="162" hits="1"/>
            <line number="163" hits="1"/>
            <line number="164" hits="1"/>
            <line number="165" hits="1"/>
            <line number="166" hits="1"/>
            <line number="167" hits="1"/>
            <line number="168" hits="1"/>
            <line number="169" hits="2"/>
            <line number="175" hits="1"/>
            <line number="176" hits="2"/>
            <line number="181" hits="1"/>
            <line number="182" hits="1"/>
            <line number="183" hits="1"/>
            <line number="184" hits="1"/>
            <line number="185" hits="1"/>
            <line number="186" hits="1"/>
            <line number="187" hits="1"/>
            <line number="190" hits="1"/>
            <line number="191" hits="1"/>
            <line number="194" hits="2"/>
            <line number="197" hits="2"/>
            <line number="201" hits="1"/>
            <line number="203" hits="1"/>
            <line number="204" hits="1"/>
            <line number="208" hits="1"/>
            <line number="209" hits="1"/>
            <line number="210" hits="1"/>
            <line number="212" hits="1"/>
            <line number="214" hits="1"/>
            <line number="215" hits="1"/>
            <line number="216" hits="1"/>
            <line number="217" hits="1"/>
            <line number="218" hits="1"/>
            <line number="219" hits="1"/>
            <line number="220" hits="1"/>
            <line number="221" hits="1"/>
            <line number="222" hits="1"/>
            <line number="224" hits="1"/>
            <line number="225" hits="1"/>
            <line number="226" hits="0"/>
            <line number="230" hits="1"/>
            <line number="231" hits="1"/>
            <line number="233" hits="1"/>
            <line number="234" hits="1"/>
            <line number="235" hits="1"/>
            <line number="239" hits="1"/>
            <line number="240" hits="0"/>
            <line number="241" hits="0"/>
            <line number="243" hits="0"/>
            <line number="244" hits="0"/>
            <line number="246" hits="0"/>
            <line number="247" hits="0"/>
            <line number="248" hits="0"/>
            <line number="250" hits="0"/>
            <line number="251" hits="0"/>
            <line number="255" hits="1"/>
            <line number="256" hits="1"/>
            <line number="257" hits="1"/>
            <line number="260" hits="1"/>
          </lines>
        </class>
        <class line-rate="1" name="Inline" filename="src/main/scala/jenkem/ui/Inline.scala">
          <methods/>
          <lines>
            <line number="29" hits="1"/>
            <line number="30" hits="1"/>
            <line number="31" hits="1"/>
            <line number="32" hits="1"/>
            <line number="34" hits="1"/>
            <line number="35" hits="1"/>
            <line number="36" hits="1"/>
            <line number="37" hits="1"/>
            <line number="38" hits="1"/>
            <line number="39" hits="1"/>
            <line number="40" hits="1"/>
            <line number="42" hits="1"/>
            <line number="43" hits="1"/>
            <line number="45" hits="1"/>
            <line number="47" hits="1"/>
            <line number="48" hits="1"/>
            <line number="49" hits="2"/>
            <line number="52" hits="1"/>
            <line number="53" hits="1"/>
            <line number="55" hits="1"/>
            <line number="57" hits="1"/>
            <line number="58" hits="4"/>
            <line number="59" hits="4"/>
            <line number="60" hits="1"/>
            <line number="63" hits="1"/>
            <line number="66" hits="3"/>
            <line number="67" hits="1"/>
            <line number="68" hits="1"/>
            <line number="69" hits="1"/>
            <line number="71" hits="1"/>
            <line number="72" hits="2"/>
          </lines>
        </class>
        <class line-rate="0.90" name="IrcColorSetter" filename="src/main/scala/jenkem/ui/IrcColorSetter.scala">
          <methods/>
          <lines>
            <line number="32" hits="1"/>
            <line number="33" hits="1"/>
            <line number="34" hits="1"/>
            <line number="35" hits="1"/>
            <line number="36" hits="1"/>
            <line number="37" hits="1"/>
            <line number="38" hits="1"/>
            <line number="39" hits="1"/>
            <line number="40" hits="1"/>
            <line number="41" hits="2"/>
            <line number="42" hits="1"/>
            <line number="43" hits="1"/>
            <line number="44" hits="1"/>
            <line number="45" hits="2"/>
            <line number="56" hits="1"/>
            <line number="57" hits="1"/>
            <line number="58" hits="1"/>
            <line number="59" hits="1"/>
            <line number="61" hits="1"/>
            <line number="62" hits="2"/>
            <line number="63" hits="1"/>
            <line number="65" hits="1"/>
            <line number="66" hits="1"/>
            <line number="70" hits="2"/>
            <line number="72" hits="1"/>
            <line number="73" hits="1"/>
            <line number="74" hits="1"/>
            <line number="77" hits="1"/>
            <line number="81" hits="2"/>
            <line number="83" hits="1"/>
            <line number="84" hits="1"/>
            <line number="85" hits="1"/>
            <line number="86" hits="1"/>
            <line number="87" hits="1"/>
            <line number="88" hits="1"/>
            <line number="89" hits="1"/>
            <line number="90" hits="1"/>
            <line number="91" hits="1"/>
            <line number="94" hits="1"/>
            <line number="97" hits="1"/>
            <line number="98" hits="1"/>
            <line number="99" hits="2"/>
            <line number="107" hits="1"/>
            <line number="108" hits="1"/>
            <line number="109" hits="1"/>
            <line number="110" hits="1"/>
            <line number="111" hits="1"/>
            <line number="112" hits="1"/>
            <line number="114" hits="1"/>
            <line number="115" hits="1"/>
            <line number="116" hits="0"/>
            <line number="118" hits="1"/>
            <line number="119" hits="1"/>
            <line number="120" hits="0"/>
            <line number="123" hits="1"/>
            <line number="124" hits="2"/>
            <line number="125" hits="1"/>
            <line number="127" hits="0"/>
            <line number="132" hits="0"/>
            <line number="133" hits="0"/>
            <line number="135" hits="0"/>
            <line number="137" hits="1"/>
            <line number="139" hits="1"/>
            <line number="140" hits="2"/>
          </lines>
        </class>
        <class line-rate="0.84" name="IrcConnector" filename="src/main/scala/jenkem/ui/IrcConnector.scala">
          <methods/>
          <lines>
            <line number="36" hits="1"/>
            <line number="37" hits="1"/>
            <line number="38" hits="1"/>
            <line number="39" hits="1"/>
            <line number="40" hits="1"/>
            <line number="41" hits="1"/>
            <line number="43" hits="1"/>
            <line number="44" hits="0"/>
            <line number="45" hits="0"/>
            <line number="48" hits="2"/>
            <line number="49" hits="1"/>
            <line number="50" hits="1"/>
            <line number="54" hits="2"/>
            <line number="63" hits="2"/>
            <line number="81" hits="1"/>
            <line number="82" hits="1"/>
            <line number="84" hits="1"/>
            <line number="86" hits="1"/>
            <line number="87" hits="1"/>
            <line number="97" hits="1"/>
            <line number="98" hits="1"/>
            <line number="99" hits="1"/>
            <line number="100" hits="1"/>
            <line number="101" hits="1"/>
            <line number="102" hits="1"/>
            <line number="103" hits="1"/>
            <line number="104" hits="1"/>
            <line number="105" hits="1"/>
            <line number="106" hits="1"/>
            <line number="107" hits="1"/>
            <line number="108" hits="1"/>
            <line number="109" hits="1"/>
            <line number="110" hits="1"/>
            <line number="111" hits="1"/>
            <line number="112" hits="1"/>
            <line number="113" hits="1"/>
            <line number="114" hits="1"/>
            <line number="115" hits="1"/>
            <line number="116" hits="1"/>
            <line number="117" hits="1"/>
            <line number="118" hits="1"/>
            <line number="121" hits="1"/>
            <line number="122" hits="1"/>
            <line number="123" hits="1"/>
            <line number="124" hits="1"/>
            <line number="125" hits="1"/>
            <line number="126" hits="1"/>
            <line number="127" hits="1"/>
            <line number="128" hits="1"/>
            <line number="129" hits="1"/>
            <line number="130" hits="1"/>
            <line number="131" hits="1"/>
            <line number="132" hits="1"/>
            <line number="133" hits="1"/>
            <line number="134" hits="1"/>
            <line number="135" hits="1"/>
            <line number="136" hits="1"/>
            <line number="137" hits="1"/>
            <line number="138" hits="1"/>
            <line number="139" hits="1"/>
            <line number="140" hits="1"/>
            <line number="142" hits="1"/>
            <line number="143" hits="1"/>
            <line number="144" hits="1"/>
            <line number="147" hits="1"/>
            <line number="148" hits="1"/>
            <line number="149" hits="1"/>
            <line number="150" hits="1"/>
            <line number="151" hits="1"/>
            <line number="152" hits="1"/>
            <line number="153" hits="1"/>
            <line number="154" hits="1"/>
            <line number="157" hits="2"/>
            <line number="171" hits="2"/>
            <line number="178" hits="2"/>
            <line number="186" hits="2"/>
            <line number="191" hits="0"/>
            <line number="192" hits="0"/>
            <line number="193" hits="0"/>
            <line number="196" hits="1"/>
            <line number="199" hits="1"/>
            <line number="200" hits="1"/>
            <line number="201" hits="1"/>
            <line number="202" hits="1"/>
            <line number="203" hits="0"/>
            <line number="204" hits="0"/>
            <line number="205" hits="0"/>
            <line number="206" hits="0"/>
            <line number="207" hits="0"/>
            <line number="208" hits="0"/>
            <line number="209" hits="0"/>
            <line number="210" hits="0"/>
            <line number="211" hits="0"/>
            <line number="212" hits="0"/>
            <line number="213" hits="0"/>
            <line number="215" hits="1"/>
            <line number="216" hits="1"/>
            <line number="217" hits="1"/>
            <line number="218" hits="1"/>
            <line number="219" hits="1"/>
            <line number="220" hits="1"/>
            <line number="221" hits="1"/>
            <line number="222" hits="1"/>
            <line number="223" hits="1"/>
          </lines>
        </class>
        <class line-rate="0" name="Notifications" filename="src/main/scala/jenkem/ui/Notifications.scala">
          <methods/>
          <lines>
            <line number="20" hits="0"/>
            <line number="21" hits="0"/>
            <line number="22" hits="0"/>
            <line number="24" hits="0"/>
            <line number="25" hits="0"/>
            <line number="26" hits="0"/>
            <line number="28" hits="0"/>
            <line number="29" hits="0"/>
            <line number="30" hits="0"/>
            <line number="32" hits="0"/>
            <line number="33" hits="0"/>
            <line number="34" hits="0"/>
            <line number="36" hits="0"/>
            <line number="37" hits="0"/>
            <line number="38" hits="0"/>
          </lines>
        </class>
        <class line-rate="0.73" name="OutputDisplay" filename="src/main/scala/jenkem/ui/OutputDisplay.scala">
          <methods/>
          <lines>
            <line number="22" hits="1"/>
            <line number="23" hits="1"/>
            <line number="24" hits="1"/>
            <line number="26" hits="1"/>
            <line number="27" hits="1"/>
            <line number="28" hits="1"/>
            <line number="29" hits="1"/>
            <line number="31" hits="2"/>
            <line number="34" hits="1"/>
            <line number="35" hits="1"/>
            <line number="38" hits="0"/>
            <line number="39" hits="0"/>
            <line number="40" hits="0"/>
          </lines>
        </class>
        <class line-rate="1" name="ProcSetter" filename="src/main/scala/jenkem/ui/ProcSetter.scala">
          <methods/>
          <lines>
            <line number="32" hits="1"/>
            <line number="33" hits="1"/>
            <line number="34" hits="1"/>
            <line number="36" hits="1"/>
            <line number="45" hits="1"/>
            <line number="46" hits="1"/>
            <line number="47" hits="1"/>
            <line number="49" hits="2"/>
            <line number="50" hits="2"/>
            <line number="51" hits="2"/>
            <line number="52" hits="2"/>
            <line number="54" hits="1"/>
            <line number="55" hits="2"/>
            <line number="56" hits="1"/>
            <line number="58" hits="1"/>
            <line number="62" hits="2"/>
            <line number="63" hits="1"/>
            <line number="64" hits="1"/>
            <line number="67" hits="1"/>
            <line number="71" hits="1"/>
            <line number="72" hits="1"/>
            <line number="73" hits="1"/>
            <line number="74" hits="1"/>
            <line number="75" hits="1"/>
            <line number="79" hits="1"/>
            <line number="80" hits="1"/>
            <line number="81" hits="1"/>
            <line number="82" hits="1"/>
            <line number="86" hits="1"/>
            <line number="87" hits="1"/>
            <line number="88" hits="1"/>
            <line number="89" hits="1"/>
            <line number="90" hits="1"/>
            <line number="91" hits="1"/>
            <line number="92" hits="2"/>
            <line number="100" hits="1"/>
            <line number="104" hits="1"/>
            <line number="105" hits="1"/>
            <line number="106" hits="1"/>
            <line number="107" hits="1"/>
            <line number="111" hits="1"/>
            <line number="112" hits="1"/>
            <line number="116" hits="1"/>
            <line number="117" hits="1"/>
            <line number="118" hits="2"/>
            <line number="120" hits="1"/>
            <line number="121" hits="1"/>
            <line number="122" hits="1"/>
            <line number="126" hits="1"/>
            <line number="131" hits="1"/>
            <line number="135" hits="1"/>
            <line number="137" hits="1"/>
          </lines>
        </class>
        <class line-rate="0.96" name="Submitter" filename="src/main/scala/jenkem/ui/Submitter.scala">
          <methods/>
          <lines>
            <line number="40" hits="1"/>
            <line number="41" hits="1"/>
            <line number="42" hits="1"/>
            <line number="43" hits="1"/>
            <line number="45" hits="1"/>
            <line number="47" hits="1"/>
            <line number="48" hits="1"/>
            <line number="49" hits="1"/>
            <line number="50" hits="2"/>
            <line number="53" hits="2"/>
            <line number="64" hits="1"/>
            <line number="65" hits="1"/>
            <line number="67" hits="1"/>
            <line number="68" hits="2"/>
            <line number="73" hits="1"/>
            <line number="74" hits="1"/>
            <line number="76" hits="1"/>
            <line number="77" hits="1"/>
            <line number="78" hits="1"/>
            <line number="79" hits="1"/>
            <line number="80" hits="1"/>
            <line number="82" hits="1"/>
            <line number="83" hits="1"/>
            <line number="84" hits="1"/>
            <line number="85" hits="2"/>
            <line number="92" hits="1"/>
            <line number="93" hits="1"/>
            <line number="94" hits="1"/>
            <line number="95" hits="1"/>
            <line number="96" hits="1"/>
            <line number="98" hits="1"/>
            <line number="99" hits="1"/>
            <line number="100" hits="1"/>
            <line number="101" hits="1"/>
            <line number="102" hits="1"/>
            <line number="103" hits="1"/>
            <line number="104" hits="1"/>
            <line number="105" hits="2"/>
            <line number="112" hits="1"/>
            <line number="113" hits="1"/>
            <line number="116" hits="1"/>
            <line number="117" hits="1"/>
            <line number="118" hits="1"/>
            <line number="119" hits="1"/>
            <line number="120" hits="1"/>
            <line number="121" hits="1"/>
            <line number="124" hits="1"/>
            <line number="125" hits="1"/>
            <line number="126" hits="1"/>
            <line number="127" hits="0"/>
            <line number="129" hits="1"/>
            <line number="133" hits="1"/>
            <line number="134" hits="1"/>
            <line number="135" hits="1"/>
            <line number="136" hits="1"/>
            <line number="138" hits="1"/>
            <line number="139" hits="1"/>
            <line number="140" hits="1"/>
            <line number="141" hits="1"/>
          </lines>
        </class>
        <class line-rate="0.57" name="TabController" filename="src/main/scala/jenkem/ui/TabController.scala">
          <methods/>
          <lines>
            <line number="28" hits="1"/>
            <line number="29" hits="1"/>
            <line number="30" hits="1"/>
            <line number="31" hits="1"/>
            <line number="32" hits="1"/>
            <line number="33" hits="1"/>
            <line number="34" hits="1"/>
            <line number="35" hits="1"/>
            <line number="41" hits="0"/>
            <line number="42" hits="0"/>
            <line number="60" hits="0"/>
            <line number="61" hits="0"/>
            <line number="66" hits="1"/>
            <line number="67" hits="1"/>
            <line number="69" hits="1"/>
            <line number="71" hits="1"/>
            <line number="72" hits="1"/>
            <line number="73" hits="1"/>
            <line number="75" hits="0"/>
            <line number="76" hits="0"/>
            <line number="77" hits="0"/>
            <line number="78" hits="0"/>
            <line number="81" hits="0"/>
            <line number="85" hits="1"/>
            <line number="86" hits="1"/>
          </lines>
        </class>
      </classes>
    </package>
    <package line-rate="0.79" name="jenkem.ui.tab">
      <classes>
        <class line-rate="0.96" name="GalleryTab" filename="src/main/scala/jenkem/ui/tab/GalleryTab.scala">
          <methods/>
          <lines>
            <line number="34" hits="1"/>
            <line number="35" hits="1"/>
            <line number="36" hits="1"/>
            <line number="37" hits="1"/>
            <line number="38" hits="1"/>
            <line number="50" hits="1"/>
            <line number="51" hits="2"/>
            <line number="53" hits="1"/>
            <line number="54" hits="1"/>
            <line number="55" hits="1"/>
            <line number="56" hits="1"/>
            <line number="57" hits="1"/>
            <line number="58" hits="1"/>
            <line number="59" hits="1"/>
            <line number="60" hits="1"/>
            <line number="88" hits="2"/>
            <line number="89" hits="1"/>
            <line number="90" hits="1"/>
            <line number="91" hits="1"/>
            <line number="92" hits="2"/>
            <line number="93" hits="2"/>
            <line number="95" hits="1"/>
            <line number="97" hits="1"/>
            <line number="100" hits="1"/>
            <line number="101" hits="1"/>
            <line number="102" hits="2"/>
            <line number="103" hits="0"/>
          </lines>
        </class>
        <class line-rate="0" name="GalleryTab.BRIGHT" filename="src/main/scala/jenkem/ui/tab/GalleryTab.scala">
          <methods/>
          <lines> </lines>
        </class>
        <class line-rate="0" name="GalleryTab.CHARS" filename="src/main/scala/jenkem/ui/tab/GalleryTab.scala">
          <methods/>
          <lines> </lines>
        </class>
        <class line-rate="0" name="GalleryTab.CONT" filename="src/main/scala/jenkem/ui/tab/GalleryTab.scala">
          <methods/>
          <lines> </lines>
        </class>
        <class line-rate="0" name="GalleryTab.CREATION" filename="src/main/scala/jenkem/ui/tab/GalleryTab.scala">
          <methods/>
          <lines> </lines>
        </class>
        <class line-rate="1" name="GalleryTab.Column" filename="src/main/scala/jenkem/ui/tab/GalleryTab.scala">
          <methods/>
          <lines>
            <line number="40" hits="1"/>
          </lines>
        </class>
        <class line-rate="0" name="GalleryTab.ICON" filename="src/main/scala/jenkem/ui/tab/GalleryTab.scala">
          <methods/>
          <lines> </lines>
        </class>
        <class line-rate="1" name="GalleryTab.ImageInfoBean" filename="src/main/scala/jenkem/ui/tab/GalleryTab.scala">
          <methods/>
          <lines>
            <line number="62" hits="1"/>
            <line number="64" hits="1"/>
            <line number="65" hits="1"/>
            <line number="66" hits="1"/>
            <line number="67" hits="1"/>
[...]
            <line number="186" hits="2"/>
            <line number="193" hits="1"/>
            <line number="207" hits="1"/>
            <line number="209" hits="1"/>
            <line number="210" hits="1"/>
            <line number="212" hits="2"/>
            <line number="213" hits="1"/>
            <line number="215" hits="2"/>
            <line number="219" hits="2"/>
            <line number="222" hits="1"/>
            <line number="223" hits="1"/>
            <line number="226" hits="1"/>
            <line number="227" hits="1"/>
            <line number="228" hits="1"/>
            <line number="229" hits="1"/>
            <line number="230" hits="1"/>
            <line number="231" hits="1"/>
            <line number="235" hits="1"/>
            <line number="236" hits="2"/>
            <line number="244" hits="1"/>
            <line number="245" hits="2"/>
            <line number="246" hits="1"/>
            <line number="247" hits="1"/>
            <line number="248" hits="1"/>
            <line number="249" hits="1"/>
            <line number="250" hits="1"/>
            <line number="254" hits="1"/>
            <line number="255" hits="1"/>
            <line number="256" hits="1"/>
            <line number="257" hits="2"/>
            <line number="258" hits="1"/>
            <line number="259" hits="1"/>
            <line number="260" hits="1"/>
            <line number="264" hits="1"/>
            <line number="265" hits="1"/>
            <line number="266" hits="1"/>
            <line number="267" hits="1"/>
            <line number="268" hits="1"/>
            <line number="269" hits="1"/>
            <line number="270" hits="1"/>
            <line number="271" hits="1"/>
            <line number="272" hits="1"/>
            <line number="273" hits="2"/>
            <line number="279" hits="1"/>
            <line number="280" hits="1"/>
            <line number="281" hits="1"/>
            <line number="282" hits="1"/>
            <line number="283" hits="1"/>
            <line number="287" hits="0"/>
            <line number="288" hits="0"/>
            <line number="289" hits="0"/>
            <line number="290" hits="0"/>
            <line number="291" hits="0"/>
            <line number="292" hits="0"/>
            <line number="293" hits="0"/>
            <line number="294" hits="0"/>
            <line number="298" hits="0"/>
            <line number="299" hits="0"/>
            <line number="300" hits="0"/>
            <line number="301" hits="0"/>
            <line number="302" hits="0"/>
            <line number="303" hits="0"/>
            <line number="304" hits="0"/>
            <line number="305" hits="0"/>
            <line number="306" hits="0"/>
            <line number="307" hits="0"/>
            <line number="308" hits="0"/>
            <line number="309" hits="0"/>
            <line number="310" hits="0"/>
            <line number="311" hits="0"/>
            <line number="312" hits="0"/>
            <line number="313" hits="0"/>
            <line number="314" hits="0"/>
            <line number="318" hits="1"/>
            <line number="319" hits="1"/>
            <line number="320" hits="1"/>
            <line number="323" hits="1"/>
            <line number="324" hits="1"/>
            <line number="325" hits="1"/>
            <line number="326" hits="1"/>
            <line number="327" hits="0"/>
            <line number="328" hits="0"/>
            <line number="329" hits="0"/>
            <line number="331" hits="0"/>
            <line number="332" hits="0"/>
            <line number="333" hits="0"/>
            <line number="334" hits="0"/>
            <line number="337" hits="0"/>
            <line number="341" hits="0"/>
            <line number="342" hits="1"/>
            <line number="350" hits="1"/>
            <line number="351" hits="1"/>
            <line number="352" hits="1"/>
            <line number="353" hits="1"/>
            <line number="354" hits="1"/>
            <line number="355" hits="1"/>
            <line number="365" hits="0"/>
            <line number="366" hits="0"/>
            <line number="367" hits="0"/>
            <line number="368" hits="0"/>
            <line number="369" hits="0"/>
            <line number="370" hits="0"/>
            <line number="371" hits="0"/>
            <line number="372" hits="0"/>
            <line number="373" hits="0"/>
            <line number="378" hits="0"/>
            <line number="379" hits="0"/>
            <line number="381" hits="0"/>
            <line number="385" hits="0"/>
            <line number="386" hits="0"/>
            <line number="387" hits="0"/>
            <line number="388" hits="0"/>
            <line number="389" hits="0"/>
            <line number="390" hits="0"/>
            <line number="391" hits="0"/>
            <line number="392" hits="0"/>
            <line number="396" hits="0"/>
            <line number="397" hits="0"/>
            <line number="398" hits="0"/>
            <line number="399" hits="0"/>
            <line number="400" hits="0"/>
            <line number="402" hits="0"/>
            <line number="403" hits="0"/>
            <line number="407" hits="0"/>
            <line number="408" hits="0"/>
            <line number="409" hits="0"/>
            <line number="412" hits="0"/>
            <line number="416" hits="1"/>
            <line number="417" hits="1"/>
            <line number="418" hits="1"/>
            <line number="419" hits="1"/>
            <line number="420" hits="1"/>
            <line number="421" hits="1"/>
            <line number="422" hits="1"/>
            <line number="426" hits="1"/>
            <line number="427" hits="1"/>
            <line number="428" hits="1"/>
            <line number="429" hits="1"/>
            <line number="430" hits="1"/>
            <line number="431" hits="1"/>
            <line number="432" hits="1"/>
            <line number="433" hits="1"/>
            <line number="434" hits="1"/>
            <line number="435" hits="1"/>
            <line number="436" hits="1"/>
            <line number="437" hits="1"/>
            <line number="438" hits="2"/>
            <line number="439" hits="1"/>
            <line number="440" hits="1"/>
            <line number="441" hits="1"/>
            <line number="442" hits="1"/>
            <line number="443" hits="1"/>
            <line number="444" hits="0"/>
            <line number="445" hits="0"/>
            <line number="446" hits="0"/>
            <line number="448" hits="1"/>
            <line number="449" hits="1"/>
            <line number="450" hits="1"/>
            <line number="451" hits="1"/>
            <line number="452" hits="1"/>
            <line number="455" hits="1"/>
            <line number="458" hits="1"/>
            <line number="459" hits="1"/>
            <line number="460" hits="0"/>
            <line number="461" hits="0"/>
            <line number="462" hits="0"/>
            <line number="466" hits="0"/>
            <line number="467" hits="0"/>
            <line number="468" hits="0"/>
            <line number="469" hits="0"/>
            <line number="470" hits="0"/>
            <line number="471" hits="0"/>
            <line number="473" hits="0"/>
            <line number="477" hits="0"/>
            <line number="478" hits="1"/>
          </lines>
        </class>
        <class line-rate="1" name="MainTab.ConversionData" filename="src/main/scala/jenkem/ui/tab/MainTab.scala">
          <methods/>
          <lines>
            <line number="88" hits="1"/>
          </lines>
        </class>
        <class line-rate="0" name="MainTab.ImageData" filename="src/main/scala/jenkem/ui/tab/MainTab.scala">
          <methods/>
          <lines>
            <line number="85" hits="0"/>
          </lines>
        </class>
        <class line-rate="0" name="MainTab.ImagePreparationData" filename="src/main/scala/jenkem/ui/tab/MainTab.scala">
          <methods/>
          <lines>
            <line number="84" hits="0"/>
          </lines>
        </class>
      </classes>
    </package>
    <package line-rate="0.97" name="jenkem.util">
      <classes>
        <class line-rate="0.97" name="AwtImageUtil" filename="src/main/scala/jenkem/util/AwtImageUtil.scala">
          <methods/>
          <lines>
            <line number="40" hits="1"/>
            <line number="41" hits="1"/>
            <line number="42" hits="1"/>
            <line number="43" hits="1"/>
            <line number="46" hits="1"/>
            <line number="50" hits="1"/>
            <line number="51" hits="3"/>
            <line number="53" hits="3"/>
            <line number="55" hits="1"/>
            <line number="56" hits="1"/>
            <line number="57" hits="1"/>
            <line number="61" hits="1"/>
            <line number="62" hits="1"/>
            <line number="63" hits="1"/>
            <line number="64" hits="1"/>
            <line number="65" hits="1"/>
            <line number="66" hits="1"/>
            <line number="67" hits="1"/>
            <line number="68" hits="1"/>
            <line number="69" hits="1"/>
            <line number="70" hits="1"/>
            <line number="71" hits="1"/>
            <line number="72" hits="1"/>
            <line number="73" hits="1"/>
            <line number="74" hits="1"/>
            <line number="75" hits="1"/>
            <line number="76" hits="1"/>
            <line number="77" hits="1"/>
            <line number="78" hits="1"/>
            <line number="82" hits="1"/>
            <line number="83" hits="1"/>
            <line number="88" hits="1"/>
            <line number="89" hits="1"/>
            <line number="90" hits="1"/>
            <line number="91" hits="2"/>
            <line number="95" hits="1"/>
            <line number="96" hits="0"/>
            <line number="107" hits="1"/>
            <line number="111" hits="1"/>
            <line number="112" hits="1"/>
            <line number="113" hits="1"/>
            <line number="114" hits="1"/>
            <line number="118" hits="1"/>
            <line number="119" hits="1"/>
            <line number="120" hits="2"/>
            <line number="121" hits="1"/>
            <line number="125" hits="1"/>
            <line number="129" hits="1"/>
            <line number="130" hits="1"/>
            <line number="131" hits="1"/>
            <line number="132" hits="1"/>
            <line number="136" hits="1"/>
            <line number="137" hits="1"/>
            <line number="138" hits="1"/>
            <line number="139" hits="1"/>
            <line number="140" hits="1"/>
            <line number="141" hits="1"/>
            <line number="142" hits="1"/>
            <line number="146" hits="1"/>
            <line number="147" hits="2"/>
            <line number="148" hits="1"/>
            <line number="152" hits="1"/>
            <line number="153" hits="1"/>
            <line number="154" hits="2"/>
            <line number="155" hits="1"/>
          </lines>
        </class>
        <class line-rate="0.25" name="AwtImageUtil.IconSource" filename="src/main/scala/jenkem/util/AwtImageUtil.scala">
          <methods/>
          <lines>
            <line number="100" hits="1"/>
            <line number="102" hits="0"/>
            <line number="103" hits="0"/>
            <line number="104" hits="0"/>
          </lines>
        </class>
        <class line-rate="0.94" name="ColorUtil" filename="src/main/scala/jenkem/util/ColorUtil.scala">
          <methods/>
          <lines>
            <line number="19" hits="1"/>
            <line number="20" hits="1"/>
            <line number="27" hits="1"/>
            <line number="35" hits="1"/>
            <line number="36" hits="1"/>
            <line number="37" hits="0"/>
            <line number="46" hits="1"/>
            <line number="54" hits="1"/>
            <line number="55" hits="3"/>
            <line number="58" hits="1"/>
            <line number="60" hits="1"/>
            <line number="61" hits="1"/>
            <line number="62" hits="2"/>
            <line number="63" hits="1"/>
          </lines>
        </class>
        <class line-rate="0.96" name="GoogleUtil" filename="src/main/scala/jenkem/util/GoogleUtil.scala">
          <methods/>
          <lines>
            <line number="26" hits="1"/>
            <line number="27" hits="1"/>
            <line number="28" hits="1"/>
            <line number="29" hits="1"/>
            <line number="32" hits="2"/>
            <line number="34" hits="1"/>
            <line number="35" hits="1"/>
            <line number="36" hits="1"/>
            <line number="37" hits="1"/>
            <line number="39" hits="1"/>
            <line number="40" hits="1"/>
            <line number="42" hits="3"/>
            <line number="43" hits="2"/>
            <line number="44" hits="1"/>
            <line number="46" hits="0"/>
            <line number="48" hits="1"/>
            <line number="54" hits="3"/>
            <line number="55" hits="1"/>
            <line number="56" hits="2"/>
          </lines>
        </class>
        <class line-rate="1" name="HtmlUtil" filename="src/main/scala/jenkem/util/HtmlUtil.scala">
          <methods/>
          <lines>
            <line number="21" hits="1"/>
            <line number="22" hits="1"/>
            <line number="23" hits="1"/>
            <line number="24" hits="1"/>
            <line number="25" hits="1"/>
            <line number="26" hits="1"/>
            <line number="28" hits="1"/>
            <line number="31" hits="1"/>
            <line number="32" hits="1"/>
            <line number="33" hits="1"/>
            <line number="34" hits="1"/>
            <line number="35" hits="1"/>
            <line number="36" hits="1"/>
            <line number="37" hits="1"/>
            <line number="38" hits="1"/>
            <line number="39" hits="1"/>
            <line number="40" hits="1"/>
            <line number="41" hits="1"/>
            <line number="42" hits="1"/>
            <line number="43" hits="1"/>
            <line number="44" hits="1"/>
            <line number="45" hits="1"/>
            <line number="46" hits="2"/>
            <line number="47" hits="1"/>
            <line number="48" hits="2"/>
            <line number="50" hits="2"/>
            <line number="52" hits="1"/>
            <line number="53" hits="1"/>
            <line number="54" hits="1"/>
            <line number="55" hits="1"/>
            <line number="56" hits="1"/>
            <line number="57" hits="1"/>
            <line number="58" hits="1"/>
            <line number="59" hits="1"/>
            <line number="60" hits="1"/>
            <line number="61" hits="1"/>
            <line number="62" hits="1"/>
            <line number="63" hits="1"/>
            <line number="65" hits="1"/>
            <line number="66" hits="1"/>
            <line number="69" hits="1"/>
            <line number="70" hits="1"/>
            <line number="71" hits="1"/>
            <line number="74" hits="1"/>
            <line number="75" hits="1"/>
            <line number="76" hits="1"/>
            <line number="77" hits="4"/>
            <line number="78" hits="2"/>
            <line number="82" hits="1"/>
            <line number="83" hits="2"/>
            <line number="84" hits="2"/>
            <line number="85" hits="4"/>
            <line number="86" hits="2"/>
            <line number="91" hits="1"/>
            <line number="92" hits="1"/>
            <line number="93" hits="1"/>
            <line number="94" hits="1"/>
            <line number="95" hits="1"/>
            <line number="96" hits="1"/>
            <line number="97" hits="1"/>
            <line number="98" hits="1"/>
            <line number="103" hits="1"/>
            <line number="104" hits="1"/>
            <line number="105" hits="3"/>
            <line number="106" hits="2"/>
            <line number="107" hits="2"/>
            <line number="108" hits="2"/>
            <line number="109" hits="2"/>
            <line number="110" hits="2"/>
            <line number="111" hits="1"/>
            <line number="112" hits="1"/>
            <line number="113" hits="1"/>
            <line number="114" hits="1"/>
            <line number="115" hits="1"/>
            <line number="116" hits="1"/>
            <line number="117" hits="1"/>
            <line number="118" hits="1"/>
            <line number="119" hits="1"/>
            <line number="120" hits="1"/>
            <line number="121" hits="1"/>
            <line number="122" hits="1"/>
            <line number="123" hits="1"/>
            <line number="124" hits="1"/>
            <line number="125" hits="1"/>
            <line number="126" hits="1"/>
            <line number="127" hits="1"/>
            <line number="129" hits="1"/>
            <line number="133" hits="1"/>
          </lines>
        </class>
        <class line-rate="1" name="ImageUtil" filename="src/main/scala/jenkem/util/ImageUtil.scala">
          <methods/>
          <lines>
            <line number="20" hits="1"/>
            <line number="23" hits="1"/>
            <line number="24" hits="1"/>
            <line number="25" hits="1"/>
            <line number="29" hits="1"/>
            <line number="30" hits="1"/>
            <line number="31" hits="1"/>
          </lines>
        </class>
        <class line-rate="1" name="InitUtil" filename="src/main/scala/jenkem/util/InitUtil.scala">
          <methods/>
          <lines>
            <line number="22" hits="1"/>
            <line number="23" hits="1"/>
            <line number="24" hits="1"/>
            <line number="26" hits="1"/>
            <line number="27" hits="1"/>
            <line number="28" hits="1"/>
            <line number="31" hits="3"/>
            <line number="32" hits="1"/>
            <line number="33" hits="1"/>
            <line number="38" hits="2"/>
            <line number="39" hits="1"/>
            <line number="41" hits="1"/>
            <line number="42" hits="1"/>
            <line number="43" hits="1"/>
            <line number="45" hits="1"/>
            <line number="46" hits="2"/>
            <line number="47" hits="2"/>
            <line number="48" hits="2"/>
            <line number="49" hits="1"/>
            <line number="50" hits="1"/>
            <line number="51" hits="1"/>
            <line number="52" hits="1"/>
            <line number="53" hits="1"/>
            <line number="54" hits="1"/>
            <line number="56" hits="1"/>
            <line number="62" hits="2"/>
            <line number="63" hits="2"/>
            <line number="64" hits="2"/>
            <line number="65" hits="2"/>
            <line number="66" hits="3"/>
            <line number="67" hits="1"/>
            <line number="68" hits="1"/>
            <line number="70" hits="1"/>
            <line number="75" hits="1"/>
            <line number="81" hits="1"/>
            <line number="82" hits="1"/>
          </lines>
        </class>
        <class line-rate="1" name="OpenShiftUtil" filename="src/main/scala/jenkem/util/OpenShiftUtil.scala">
          <methods/>
          <lines>
            <line number="20" hits="1"/>
            <line number="21" hits="1"/>
          </lines>
        </class>
        <class line-rate="1" name="UrlOptionizer" filename="src/main/scala/jenkem/util/UrlOptionizer.scala">
          <methods/>
          <lines>
            <line number="25" hits="1"/>
            <line number="26" hits="1"/>
            <line number="27" hits="1"/>
            <line number="30" hits="1"/>
          </lines>
        </class>
        <class line-rate="1" name="UrlOptionizer.UrlExtractor" filename="src/main/scala/jenkem/util/UrlOptionizer.scala">
          <methods/>
          <lines>
            <line number="21" hits="1"/>
          </lines>
        </class>
      </classes>
    </package>
  </packages>
</coverage>